[debug] [2024-07-26T04:20:28.682Z] ----------------------------------------------------------------------
[debug] [2024-07-26T04:20:28.687Z] Command:       C:\Program Files\nodejs\node.exe C:\Users\aritr\AppData\Roaming\npm\node_modules\firebase-tools\lib\bin\firebase.js init
[debug] [2024-07-26T04:20:28.688Z] CLI Version:   13.13.3
[debug] [2024-07-26T04:20:28.688Z] Platform:      win32
[debug] [2024-07-26T04:20:28.688Z] Node Version:  v20.14.0
[debug] [2024-07-26T04:20:28.688Z] Time:          Fri Jul 26 2024 00:20:28 GMT-0400 (Bolivia Time)
[debug] [2024-07-26T04:20:28.689Z] ----------------------------------------------------------------------
[debug] 
[debug] [2024-07-26T04:20:28.693Z] >>> [apiv2][query] GET https://firebase-public.firebaseio.com/cli.json [none]
[debug] [2024-07-26T04:20:28.754Z] > command requires scopes: ["email","openid","https://www.googleapis.com/auth/cloudplatformprojects.readonly","https://www.googleapis.com/auth/firebase","https://www.googleapis.com/auth/cloud-platform"]
[debug] [2024-07-26T04:20:28.755Z] > authorizing via signed-in user (aritra.arx@gmail.com)
[info] 
     ######## #### ########  ######## ########     ###     ######  ########
     ##        ##  ##     ## ##       ##     ##  ##   ##  ##       ##
     ######    ##  ########  ######   ########  #########  ######  ######
     ##        ##  ##    ##  ##       ##     ## ##     ##       ## ##
     ##       #### ##     ## ######## ########  ##     ##  ######  ########

You're about to initialize a Firebase project in this directory:

  C:\Users\aritr\OneDrive\Desktop\Projects\Ark Sarkar

[debug] [2024-07-26T04:20:29.295Z] <<< [apiv2][status] GET https://firebase-public.firebaseio.com/cli.json 200
[debug] [2024-07-26T04:20:29.296Z] <<< [apiv2][body] GET https://firebase-public.firebaseio.com/cli.json {"cloudBuildErrorAfter":1594252800000,"cloudBuildWarnAfter":1590019200000,"defaultNode10After":1594252800000,"minVersion":"3.0.5","node8DeploysDisabledAfter":1613390400000,"node8RuntimeDisabledAfter":1615809600000,"node8WarnAfter":1600128000000}
